# JRE version: OpenJDK Runtime Environment (8.0_202-b03) (build 1.8.0_202-release-1483-b03)
# Java VM: OpenJDK 64-Bit Server VM (25.202-b03 mixed mode windows-amd64 compressed oops)
Heap:
 PSYoungGen      total 410112K, used 356154K [0x00000000e0000000, 0x00000000fc800000, 0x0000000100000000)
  eden space 352256K, 90% used [0x00000000e0000000,0x00000000f372d630,0x00000000f5800000)
  from space 57856K, 64% used [0x00000000f8f80000,0x00000000fb421200,0x00000000fc800000)
  to   space 56832K, 0% used [0x00000000f5800000,0x00000000f5800000,0x00000000f8f80000)
 ParOldGen       total 179712K, used 90397K [0x00000000a0000000, 0x00000000aaf80000, 0x00000000e0000000)
  object space 179712K, 50% used [0x00000000a0000000,0x00000000a5847410,0x00000000aaf80000)
 Metaspace       used 146880K, capacity 155656K, committed 160972K, reserved 1189888K
  class space    used 18426K, capacity 20023K, committed 21504K, reserved 1048576K
GC Heap History (10 events):
Event: 4146.331 GC heap before
{Heap before GC invocations=35 (full 5):
 PSYoungGen      total 387072K, used 343608K [0x00000000e0000000, 0x00000000fca00000, 0x0000000100000000)
  eden space 325120K, 100% used [0x00000000e0000000,0x00000000f3d80000,0x00000000f3d80000)
  from space 61952K, 29% used [0x00000000f3d80000,0x00000000f4f8e248,0x00000000f7a00000)
  to   space 59904K, 0% used [0x00000000f8f80000,0x00000000f8f80000,0x00000000fca00000)
 ParOldGen       total 179712K, used 90373K [0x00000000a0000000, 0x00000000aaf80000, 0x00000000e0000000)
  object space 179712K, 50% used [0x00000000a0000000,0x00000000a5841410,0x00000000aaf80000)
 Metaspace       used 146641K, capacity 155414K, committed 160972K, reserved 1189888K
  class space    used 18424K, capacity 20020K, committed 21504K, reserved 1048576K
Event: 4146.376 GC heap after
Heap after GC invocations=35 (full 5):
 PSYoungGen      total 410112K, used 27389K [0x00000000e0000000, 0x00000000fc800000, 0x0000000100000000)
  eden space 352256K, 0% used [0x00000000e0000000,0x00000000e0000000,0x00000000f5800000)
  from space 57856K, 47% used [0x00000000f8f80000,0x00000000faa3f730,0x00000000fc800000)
  to   space 56832K, 0% used [0x00000000f5800000,0x00000000f5800000,0x00000000f8f80000)
 ParOldGen       total 179712K, used 90381K [0x00000000a0000000, 0x00000000aaf80000, 0x00000000e0000000)
  object space 179712K, 50% used [0x00000000a0000000,0x00000000a5843410,0x00000000aaf80000)
 Metaspace       used 146641K, capacity 155414K, committed 160972K, reserved 1189888K
  class space    used 18424K, capacity 20020K, committed 21504K, reserved 1048576K
}
Event: 4147.759 GC heap before
{Heap before GC invocations=36 (full 5):
 PSYoungGen      total 410112K, used 379645K [0x00000000e0000000, 0x00000000fc800000, 0x0000000100000000)
  eden space 352256K, 100% used [0x00000000e0000000,0x00000000f5800000,0x00000000f5800000)
  from space 57856K, 47% used [0x00000000f8f80000,0x00000000faa3f730,0x00000000fc800000)
  to   space 56832K, 0% used [0x00000000f5800000,0x00000000f5800000,0x00000000f8f80000)
 ParOldGen       total 179712K, used 90381K [0x00000000a0000000, 0x00000000aaf80000, 0x00000000e0000000)
  object space 179712K, 50% used [0x00000000a0000000,0x00000000a5843410,0x00000000aaf80000)
 Metaspace       used 146715K, capacity 155494K, committed 160972K, reserved 1189888K
  class space    used 18424K, capacity 20020K, committed 21504K, reserved 1048576K
Event: 4147.844 GC heap after
Heap after GC invocations=36 (full 5):
 PSYoungGen      total 409088K, used 30690K [0x00000000e0000000, 0x00000000fc800000, 0x0000000100000000)
  eden space 352256K, 0% used [0x00000000e0000000,0x00000000e0000000,0x00000000f5800000)
  from space 56832K, 54% used [0x00000000f5800000,0x00000000f75f8a40,0x00000000f8f80000)
  to   space 57856K, 0% used [0x00000000f8f80000,0x00000000f8f80000,0x00000000fc800000)
 ParOldGen       total 179712K, used 90381K [0x00000000a0000000, 0x00000000aaf80000, 0x00000000e0000000)
  object space 179712K, 50% used [0x00000000a0000000,0x00000000a5843410,0x00000000aaf80000)
 Metaspace       used 146715K, capacity 155494K, committed 160972K, reserved 1189888K
  class space    used 18424K, capacity 20020K, committed 21504K, reserved 1048576K
}
Event: 4149.665 GC heap before
{Heap before GC invocations=37 (full 5):
 PSYoungGen      total 409088K, used 382946K [0x00000000e0000000, 0x00000000fc800000, 0x0000000100000000)
  eden space 352256K, 100% used [0x00000000e0000000,0x00000000f5800000,0x00000000f5800000)
  from space 56832K, 54% used [0x00000000f5800000,0x00000000f75f8a40,0x00000000f8f80000)
  to   space 57856K, 0% used [0x00000000f8f80000,0x00000000f8f80000,0x00000000fc800000)
 ParOldGen       total 179712K, used 90381K [0x00000000a0000000, 0x00000000aaf80000, 0x00000000e0000000)
  object space 179712K, 50% used [0x00000000a0000000,0x00000000a5843410,0x00000000aaf80000)
 Metaspace       used 146810K, capacity 155570K, committed 160972K, reserved 1189888K
  class space    used 18424K, capacity 20020K, committed 21504K, reserved 1048576K
Event: 4149.733 GC heap after
Heap after GC invocations=37 (full 5):
 PSYoungGen      total 410112K, used 28177K [0x00000000e0000000, 0x00000000fc800000, 0x0000000100000000)
  eden space 352256K, 0% used [0x00000000e0000000,0x00000000e0000000,0x00000000f5800000)
  from space 57856K, 48% used [0x00000000f8f80000,0x00000000fab04618,0x00000000fc800000)
  to   space 56832K, 0% used [0x00000000f5800000,0x00000000f5800000,0x00000000f8f80000)
 ParOldGen       total 179712K, used 90381K [0x00000000a0000000, 0x00000000aaf80000, 0x00000000e0000000)
  object space 179712K, 50% used [0x00000000a0000000,0x00000000a5843410,0x00000000aaf80000)
 Metaspace       used 146810K, capacity 155570K, committed 160972K, reserved 1189888K
  class space    used 18424K, capacity 20020K, committed 21504K, reserved 1048576K
}
Event: 4150.959 GC heap before
{Heap before GC invocations=38 (full 5):
 PSYoungGen      total 410112K, used 380433K [0x00000000e0000000, 0x00000000fc800000, 0x0000000100000000)
  eden space 352256K, 100% used [0x00000000e0000000,0x00000000f5800000,0x00000000f5800000)
  from space 57856K, 48% used [0x00000000f8f80000,0x00000000fab04618,0x00000000fc800000)
  to   space 56832K, 0% used [0x00000000f5800000,0x00000000f5800000,0x00000000f8f80000)
 ParOldGen       total 179712K, used 90381K [0x00000000a0000000, 0x00000000aaf80000, 0x00000000e0000000)
  object space 179712K, 50% used [0x00000000a0000000,0x00000000a5843410,0x00000000aaf80000)
 Metaspace       used 146838K, capacity 155574K, committed 160972K, reserved 1189888K
  class space    used 18424K, capacity 20020K, committed 21504K, reserved 1048576K
Event: 4151.017 GC heap after
Heap after GC invocations=38 (full 5):
 PSYoungGen      total 409088K, used 31453K [0x00000000e0000000, 0x00000000fc800000, 0x0000000100000000)
  eden space 352256K, 0% used [0x00000000e0000000,0x00000000e0000000,0x00000000f5800000)
  from space 56832K, 55% used [0x00000000f5800000,0x00000000f76b7470,0x00000000f8f80000)
  to   space 57856K, 0% used [0x00000000f8f80000,0x00000000f8f80000,0x00000000fc800000)
 ParOldGen       total 179712K, used 90389K [0x00000000a0000000, 0x00000000aaf80000, 0x00000000e0000000)
  object space 179712K, 50% used [0x00000000a0000000,0x00000000a5845410,0x00000000aaf80000)
 Metaspace       used 146838K, capacity 155574K, committed 160972K, reserved 1189888K
  class space    used 18424K, capacity 20020K, committed 21504K, reserved 1048576K
}
Event: 4153.408 GC heap before
{Heap before GC invocations=39 (full 5):
 PSYoungGen      total 409088K, used 383709K [0x00000000e0000000, 0x00000000fc800000, 0x0000000100000000)
  eden space 352256K, 100% used [0x00000000e0000000,0x00000000f5800000,0x00000000f5800000)
  from space 56832K, 55% used [0x00000000f5800000,0x00000000f76b7470,0x00000000f8f80000)
  to   space 57856K, 0% used [0x00000000f8f80000,0x00000000f8f80000,0x00000000fc800000)
 ParOldGen       total 179712K, used 90389K [0x00000000a0000000, 0x00000000aaf80000, 0x00000000e0000000)
  object space 179712K, 50% used [0x00000000a0000000,0x00000000a5845410,0x00000000aaf80000)
 Metaspace       used 146857K, capacity 155574K, committed 160972K, reserved 1189888K
  class space    used 18424K, capacity 20020K, committed 21504K, reserved 1048576K
Event: 4153.474 GC heap after
Heap after GC invocations=39 (full 5):
 PSYoungGen      total 410112K, used 37508K [0x00000000e0000000, 0x00000000fc800000, 0x0000000100000000)
  eden space 352256K, 0% used [0x00000000e0000000,0x00000000e0000000,0x00000000f5800000)
  from space 57856K, 64% used [0x00000000f8f80000,0x00000000fb421200,0x00000000fc800000)
  to   space 56832K, 0% used [0x00000000f5800000,0x00000000f5800000,0x00000000f8f80000)
 ParOldGen       total 179712K, used 90397K [0x00000000a0000000, 0x00000000aaf80000, 0x00000000e0000000)
  object space 179712K, 50% used [0x00000000a0000000,0x00000000a5847410,0x00000000aaf80000)
 Metaspace       used 146857K, capacity 155574K, committed 160972K, reserved 1189888K
  class space    used 18424K, capacity 20020K, committed 21504K, reserved 1048576K
}

