# JRE version: OpenJDK Runtime Environment (8.0_202-b03) (build 1.8.0_202-release-1483-b03)
# Java VM: OpenJDK 64-Bit Server VM (25.202-b03 mixed mode windows-amd64 compressed oops)
Heap:
 PSYoungGen      total 127488K, used 29602K [0x00000000e0000000, 0x00000000e8c80000, 0x0000000100000000)
  eden space 117248K, 16% used [0x00000000e0000000,0x00000000e12eadc0,0x00000000e7280000)
  from space 10240K, 99% used [0x00000000e7280000,0x00000000e7c7dc48,0x00000000e7c80000)
  to   space 12288K, 0% used [0x00000000e8080000,0x00000000e8080000,0x00000000e8c80000)
 ParOldGen       total 38400K, used 13337K [0x00000000a0000000, 0x00000000a2580000, 0x00000000e0000000)
  object space 38400K, 34% used [0x00000000a0000000,0x00000000a0d067b8,0x00000000a2580000)
 Metaspace       used 34359K, capacity 35266K, committed 35456K, reserved 1079296K
  class space    used 4753K, capacity 4983K, committed 4992K, reserved 1048576K
GC Heap History (10 events):
Event: 2.215 GC heap before
{Heap before GC invocations=6 (full 0):
 PSYoungGen      total 33280K, used 33264K [0x00000000e0000000, 0x00000000e4700000, 0x0000000100000000)
  eden space 30720K, 100% used [0x00000000e0000000,0x00000000e1e00000,0x00000000e1e00000)
  from space 2560K, 99% used [0x00000000e1e00000,0x00000000e207c010,0x00000000e2080000)
  to   space 5632K, 0% used [0x00000000e4180000,0x00000000e4180000,0x00000000e4700000)
 ParOldGen       total 40960K, used 4909K [0x00000000a0000000, 0x00000000a2800000, 0x00000000e0000000)
  object space 40960K, 11% used [0x00000000a0000000,0x00000000a04cb640,0x00000000a2800000)
 Metaspace       used 15302K, capacity 15700K, committed 16000K, reserved 1062912K
  class space    used 2166K, capacity 2326K, committed 2432K, reserved 1048576K
Event: 2.233 GC heap after
Heap after GC invocations=6 (full 0):
 PSYoungGen      total 66048K, used 5616K [0x00000000e0000000, 0x00000000e4900000, 0x0000000100000000)
  eden space 60416K, 0% used [0x00000000e0000000,0x00000000e0000000,0x00000000e3b00000)
  from space 5632K, 99% used [0x00000000e4180000,0x00000000e46fc228,0x00000000e4700000)
  to   space 6656K, 0% used [0x00000000e3b00000,0x00000000e3b00000,0x00000000e4180000)
 ParOldGen       total 40960K, used 5398K [0x00000000a0000000, 0x00000000a2800000, 0x00000000e0000000)
  object space 40960K, 13% used [0x00000000a0000000,0x00000000a0545b10,0x00000000a2800000)
 Metaspace       used 15302K, capacity 15700K, committed 16000K, reserved 1062912K
  class space    used 2166K, capacity 2326K, committed 2432K, reserved 1048576K
}
Event: 3.564 GC heap before
{Heap before GC invocations=7 (full 0):
 PSYoungGen      total 66048K, used 60706K [0x00000000e0000000, 0x00000000e4900000, 0x0000000100000000)
  eden space 60416K, 91% used [0x00000000e0000000,0x00000000e35cc5e0,0x00000000e3b00000)
  from space 5632K, 99% used [0x00000000e4180000,0x00000000e46fc228,0x00000000e4700000)
  to   space 6656K, 0% used [0x00000000e3b00000,0x00000000e3b00000,0x00000000e4180000)
 ParOldGen       total 40960K, used 5398K [0x00000000a0000000, 0x00000000a2800000, 0x00000000e0000000)
  object space 40960K, 13% used [0x00000000a0000000,0x00000000a0545b10,0x00000000a2800000)
 Metaspace       used 20709K, capacity 21136K, committed 21296K, reserved 1067008K
  class space    used 2958K, capacity 3121K, committed 3200K, reserved 1048576K
Event: 3.579 GC heap after
Heap after GC invocations=7 (full 0):
 PSYoungGen      total 67072K, used 6651K [0x00000000e0000000, 0x00000000e8900000, 0x0000000100000000)
  eden space 60416K, 0% used [0x00000000e0000000,0x00000000e0000000,0x00000000e3b00000)
  from space 6656K, 99% used [0x00000000e3b00000,0x00000000e417ec08,0x00000000e4180000)
  to   space 9728K, 0% used [0x00000000e7f80000,0x00000000e7f80000,0x00000000e8900000)
 ParOldGen       total 40960K, used 9291K [0x00000000a0000000, 0x00000000a2800000, 0x00000000e0000000)
  object space 40960K, 22% used [0x00000000a0000000,0x00000000a0912c38,0x00000000a2800000)
 Metaspace       used 20709K, capacity 21136K, committed 21296K, reserved 1067008K
  class space    used 2958K, capacity 3121K, committed 3200K, reserved 1048576K
}
Event: 3.579 GC heap before
{Heap before GC invocations=8 (full 1):
 PSYoungGen      total 67072K, used 6651K [0x00000000e0000000, 0x00000000e8900000, 0x0000000100000000)
  eden space 60416K, 0% used [0x00000000e0000000,0x00000000e0000000,0x00000000e3b00000)
  from space 6656K, 99% used [0x00000000e3b00000,0x00000000e417ec08,0x00000000e4180000)
  to   space 9728K, 0% used [0x00000000e7f80000,0x00000000e7f80000,0x00000000e8900000)
 ParOldGen       total 40960K, used 9291K [0x00000000a0000000, 0x00000000a2800000, 0x00000000e0000000)
  object space 40960K, 22% used [0x00000000a0000000,0x00000000a0912c38,0x00000000a2800000)
 Metaspace       used 20709K, capacity 21136K, committed 21296K, reserved 1067008K
  class space    used 2958K, capacity 3121K, committed 3200K, reserved 1048576K
Event: 3.633 GC heap after
Heap after GC invocations=8 (full 1):
 PSYoungGen      total 67072K, used 0K [0x00000000e0000000, 0x00000000e8900000, 0x0000000100000000)
  eden space 60416K, 0% used [0x00000000e0000000,0x00000000e0000000,0x00000000e3b00000)
  from space 6656K, 0% used [0x00000000e3b00000,0x00000000e3b00000,0x00000000e4180000)
  to   space 9728K, 0% used [0x00000000e7f80000,0x00000000e7f80000,0x00000000e8900000)
 ParOldGen       total 38400K, used 11791K [0x00000000a0000000, 0x00000000a2580000, 0x00000000e0000000)
  object space 38400K, 30% used [0x00000000a0000000,0x00000000a0b83e50,0x00000000a2580000)
 Metaspace       used 20709K, capacity 21136K, committed 21296K, reserved 1067008K
  class space    used 2958K, capacity 3121K, committed 3200K, reserved 1048576K
}
Event: 4.314 GC heap before
{Heap before GC invocations=9 (full 1):
 PSYoungGen      total 67072K, used 60416K [0x00000000e0000000, 0x00000000e8900000, 0x0000000100000000)
  eden space 60416K, 100% used [0x00000000e0000000,0x00000000e3b00000,0x00000000e3b00000)
  from space 6656K, 0% used [0x00000000e3b00000,0x00000000e3b00000,0x00000000e4180000)
  to   space 9728K, 0% used [0x00000000e7f80000,0x00000000e7f80000,0x00000000e8900000)
 ParOldGen       total 38400K, used 11791K [0x00000000a0000000, 0x00000000a2580000, 0x00000000e0000000)
  object space 38400K, 30% used [0x00000000a0000000,0x00000000a0b83e50,0x00000000a2580000)
 Metaspace       used 27872K, capacity 28396K, committed 28672K, reserved 1073152K
  class space    used 3823K, capacity 4025K, committed 4096K, reserved 1048576K
Event: 4.324 GC heap after
Heap after GC invocations=9 (full 1):
 PSYoungGen      total 99328K, used 7110K [0x00000000e0000000, 0x00000000e8680000, 0x0000000100000000)
  eden space 92160K, 0% used [0x00000000e0000000,0x00000000e0000000,0x00000000e5a00000)
  from space 7168K, 99% used [0x00000000e7f80000,0x00000000e8671908,0x00000000e8680000)
  to   space 10240K, 0% used [0x00000000e7280000,0x00000000e7280000,0x00000000e7c80000)
 ParOldGen       total 38400K, used 11799K [0x00000000a0000000, 0x00000000a2580000, 0x00000000e0000000)
  object space 38400K, 30% used [0x00000000a0000000,0x00000000a0b85e50,0x00000000a2580000)
 Metaspace       used 27872K, capacity 28396K, committed 28672K, reserved 1073152K
  class space    used 3823K, capacity 4025K, committed 4096K, reserved 1048576K
}
Event: 6.642 GC heap before
{Heap before GC invocations=10 (full 1):
 PSYoungGen      total 99328K, used 99270K [0x00000000e0000000, 0x00000000e8680000, 0x0000000100000000)
  eden space 92160K, 100% used [0x00000000e0000000,0x00000000e5a00000,0x00000000e5a00000)
  from space 7168K, 99% used [0x00000000e7f80000,0x00000000e8671908,0x00000000e8680000)
  to   space 10240K, 0% used [0x00000000e7280000,0x00000000e7280000,0x00000000e7c80000)
 ParOldGen       total 38400K, used 11799K [0x00000000a0000000, 0x00000000a2580000, 0x00000000e0000000)
  object space 38400K, 30% used [0x00000000a0000000,0x00000000a0b85e50,0x00000000a2580000)
 Metaspace       used 33242K, capacity 34132K, committed 34304K, reserved 1079296K
  class space    used 4578K, capacity 4779K, committed 4864K, reserved 1048576K
Event: 6.660 GC heap after
Heap after GC invocations=10 (full 1):
 PSYoungGen      total 127488K, used 10231K [0x00000000e0000000, 0x00000000e8c80000, 0x0000000100000000)
  eden space 117248K, 0% used [0x00000000e0000000,0x00000000e0000000,0x00000000e7280000)
  from space 10240K, 99% used [0x00000000e7280000,0x00000000e7c7dc48,0x00000000e7c80000)
  to   space 12288K, 0% used [0x00000000e8080000,0x00000000e8080000,0x00000000e8c80000)
 ParOldGen       total 38400K, used 13337K [0x00000000a0000000, 0x00000000a2580000, 0x00000000e0000000)
  object space 38400K, 34% used [0x00000000a0000000,0x00000000a0d067b8,0x00000000a2580000)
 Metaspace       used 33242K, capacity 34132K, committed 34304K, reserved 1079296K
  class space    used 4578K, capacity 4779K, committed 4864K, reserved 1048576K
}

